
Showing logs for build [32mcb-kubecd-bdd-gh-1568234659-mas-1[0m stage [32mmeta-pipeline[0m and container [32mstep-credential-initializer-n8zq2[0m
{"level":"warn","ts":1568234683.5882857,"logger":"fallback-logger","caller":"logging/config.go:69","msg":"Fetch GitHub commit ID from kodata failed: \"ref: refs/heads/master\" is not a valid GitHub commit ID"}
{"level":"info","ts":1568234683.588923,"logger":"fallback-logger","caller":"creds-init/main.go:40","msg":"Credentials initialized."}

Showing logs for build [32mcb-kubecd-bdd-gh-1568234659-mas-1[0m stage [32mmeta-pipeline[0m and container [32mstep-working-dir-initializer-7tkgn[0m
{"level":"warn","ts":1568234685.402253,"logger":"fallback-logger","caller":"logging/config.go:69","msg":"Fetch GitHub commit ID from kodata failed: open /var/run/ko/HEAD: no such file or directory"}
{"level":"info","ts":1568234685.4043288,"logger":"fallback-logger","caller":"bash/main.go:65","msg":"Successfully executed command \"mkdir -p /workspace/source\""}

Showing logs for build [32mcb-kubecd-bdd-gh-1568234659-mas-1[0m stage [32mmeta-pipeline[0m and container [32mstep-place-tools[0m

Showing logs for build [32mcb-kubecd-bdd-gh-1568234659-mas-1[0m stage [32mmeta-pipeline[0m and container [32mstep-git-source-meta-cb-kubecd-bdd-gh-156823465-g9npp[0m
{"level":"warn","ts":1568234707.6045752,"logger":"fallback-logger","caller":"logging/config.go:69","msg":"Fetch GitHub commit ID from kodata failed: \"ref: refs/heads/master\" is not a valid GitHub commit ID"}
{"level":"info","ts":1568234708.6559625,"logger":"fallback-logger","caller":"git/git.go:102","msg":"Successfully cloned https://github.com/cb-kubecd/bdd-gh-1568234659.git @ e1f09e1feca18a47fb9423ed69f634a998ecdb42 in path /workspace/source"}

Showing logs for build [32mcb-kubecd-bdd-gh-1568234659-mas-1[0m stage [32mmeta-pipeline[0m and container [32mstep-git-merge[0m
Using SHAs from PULL_REFS=master:e1f09e1feca18a47fb9423ed69f634a998ecdb42
WARNING: no SHAs to merge, falling back to initial cloned commit

Showing logs for build [32mcb-kubecd-bdd-gh-1568234659-mas-1[0m stage [32mmeta-pipeline[0m and container [32mstep-merge-pull-refs[0m
SKIP merge-pull-refs: Nothing to merge

Showing logs for build [32mcb-kubecd-bdd-gh-1568234659-mas-1[0m stage [32mmeta-pipeline[0m and container [32mstep-create-effective-pipeline[0m
Deleting and cloning the Jenkins X versions repo
Cloning the Jenkins X versions repo https://github.com/jenkins-x/jenkins-x-versions.git with revision c1e552e8834ee6054b7c48b1564f752d9ab327c7 to /builder/home/.**/jenkins-x-versions
From https://github.com/jenkins-x/jenkins-x-versions
 * branch            c1e552e8834ee6054b7c48b1564f752d9ab327c7 -> FETCH_HEAD
Effective pipeline written to jenkins-x-effective.yml

Showing logs for build [32mcb-kubecd-bdd-gh-1568234659-mas-1[0m stage [32mmeta-pipeline[0m and container [32mstep-create-tekton-crds[0m
Deleting and cloning the Jenkins X versions repo
Cloning the Jenkins X versions repo https://github.com/jenkins-x/jenkins-x-versions.git with revision c1e552e8834ee6054b7c48b1564f752d9ab327c7 to /builder/home/.**/jenkins-x-versions
From https://github.com/jenkins-x/jenkins-x-versions
 * branch            c1e552e8834ee6054b7c48b1564f752d9ab327c7 -> FETCH_HEAD
running command: echo \$(**-release-version) > VERSION

running command: ** step tag --version \$(cat VERSION)
Updating chart version in charts/bdd-gh-1568234659/Chart.yaml to 0.0.1
Updating repository in charts/bdd-gh-1568234659/values.yaml to gcr.io/jenkins-x-bdd3/bdd-gh-1568234659
Updating tag in charts/bdd-gh-1568234659/values.yaml to 0.0.1
Tag v0.0.1 created and pushed to remote origin

PipelineActivity for cb-kubecd-bdd-gh-1568234659-master-1
Applying changes 
upserted PipelineResource cb-kubecd-bdd-gh-1568234659-mas for the git repository https://github.com/cb-kubecd/bdd-gh-1568234659.git
upserted Task cb-kubecd-bdd-gh-1568234659-mas-from-build-pack-1
upserted Pipeline cb-kubecd-bdd-gh-1568234659-mas-1
created PipelineRun cb-kubecd-bdd-gh-1568234659-mas-1
created PipelineStructure cb-kubecd-bdd-gh-1568234659-mas-1

Showing logs for build [32mcb-kubecd-bdd-gh-1568234659-mas-1[0m stage [32mfrom-build-pack[0m and container [32mstep-credential-initializer-w8gpw[0m
{"level":"warn","ts":1568234727.521798,"logger":"fallback-logger","caller":"logging/config.go:69","msg":"Fetch GitHub commit ID from kodata failed: \"ref: refs/heads/master\" is not a valid GitHub commit ID"}
{"level":"info","ts":1568234727.5223417,"logger":"fallback-logger","caller":"creds-init/main.go:40","msg":"Credentials initialized."}

Showing logs for build [32mcb-kubecd-bdd-gh-1568234659-mas-1[0m stage [32mfrom-build-pack[0m and container [32mstep-working-dir-initializer-9fvn8[0m
{"level":"warn","ts":1568234729.271351,"logger":"fallback-logger","caller":"logging/config.go:69","msg":"Fetch GitHub commit ID from kodata failed: open /var/run/ko/HEAD: no such file or directory"}
{"level":"info","ts":1568234729.275646,"logger":"fallback-logger","caller":"bash/main.go:65","msg":"Successfully executed command \"mkdir -p /workspace/source /workspace/source/charts/bdd-gh-1568234659\""}

Showing logs for build [32mcb-kubecd-bdd-gh-1568234659-mas-1[0m stage [32mfrom-build-pack[0m and container [32mstep-place-tools[0m

Showing logs for build [32mcb-kubecd-bdd-gh-1568234659-mas-1[0m stage [32mfrom-build-pack[0m and container [32mstep-git-source-cb-kubecd-bdd-gh-1568234659-mas-dpqvs[0m
{"level":"warn","ts":1568234804.4008837,"logger":"fallback-logger","caller":"logging/config.go:69","msg":"Fetch GitHub commit ID from kodata failed: \"ref: refs/heads/master\" is not a valid GitHub commit ID"}
{"level":"info","ts":1568234805.4799294,"logger":"fallback-logger","caller":"git/git.go:102","msg":"Successfully cloned https://github.com/cb-kubecd/bdd-gh-1568234659.git @ v0.0.1 in path /workspace/source"}

Showing logs for build [32mcb-kubecd-bdd-gh-1568234659-mas-1[0m stage [32mfrom-build-pack[0m and container [32mstep-git-merge[0m
Using SHAs from PULL_REFS=master:e1f09e1feca18a47fb9423ed69f634a998ecdb42
WARNING: no SHAs to merge, falling back to initial cloned commit

Showing logs for build [32mcb-kubecd-bdd-gh-1568234659-mas-1[0m stage [32mfrom-build-pack[0m and container [32mstep-setup-jx-git-credentials[0m
Generated Git credentials file /workspace/xdg_config/git/credentials

Showing logs for build [32mcb-kubecd-bdd-gh-1568234659-mas-1[0m stage [32mfrom-build-pack[0m and container [32mstep-build-make-build[0m
CGO_ENABLED=0 GO15VENDOREXPERIMENT=1 go build -ldflags '' -o bin/bdd-gh-1568234659 main.go

Showing logs for build [32mcb-kubecd-bdd-gh-1568234659-mas-1[0m stage [32mfrom-build-pack[0m and container [32mstep-build-container-build[0m
[36mINFO[0m[0000] No base image, nothing to extract            
[36mINFO[0m[0000] cmd: EXPOSE                                  
[36mINFO[0m[0000] Adding exposed port: 8080/tcp                
[36mINFO[0m[0000] Using files from context: [/workspace/source/bin] 
[36mINFO[0m[0000] Skipping unpacking as no commands require it. 
[36mINFO[0m[0000] Taking snapshot of full filesystem...        
[36mINFO[0m[0000] EXPOSE 8080                                  
[36mINFO[0m[0000] cmd: EXPOSE                                  
[36mINFO[0m[0000] Adding exposed port: 8080/tcp                
[36mINFO[0m[0000] No files changed in this command, skipping snapshotting. 
[36mINFO[0m[0000] ENTRYPOINT ["/bdd-gh-1568234659"]            
[36mINFO[0m[0000] No files changed in this command, skipping snapshotting. 
[36mINFO[0m[0000] Using files from context: [/workspace/source/bin] 
[36mINFO[0m[0000] COPY ./bin/ /                                
[36mINFO[0m[0000] Taking snapshot of files...                  
2019/09/11 20:46:58 pushed blob: sha256:bec31c0f114ccdfdbe0e94b22018615846cd717ca907d5cceac4459fb29ba262
2019/09/11 20:47:00 pushed blob: sha256:f0cf459d5eee70b7ff883ccd0125b5ab557345afded933e5602aa17cfb6e139f
2019/09/11 20:47:01 gcr.io/jenkins-x-bdd3/bdd-gh-1568234659:0.0.1: digest: sha256:f2609c5825d758721228cc1872e4500ce86cc710c0890a9ea80cdf02cba30f10 size: 428

Showing logs for build [32mcb-kubecd-bdd-gh-1568234659-mas-1[0m stage [32mfrom-build-pack[0m and container [32mstep-build-post-build[0m
no CVE provider running in the current ** namespace so skip adding image to be analysed

Showing logs for build [32mcb-kubecd-bdd-gh-1568234659-mas-1[0m stage [32mfrom-build-pack[0m and container [32mstep-promote-changelog[0m
Converted /workspace/source/charts/bdd-gh-1568234659 to an unshallow repository
no previous commit version found so change diff unavailable

Showing logs for build [32mcb-kubecd-bdd-gh-1568234659-mas-1[0m stage [32mfrom-build-pack[0m and container [32mstep-promote-helm-release[0m
WARNING: No $CHART_REPOSITORY defined so using the default value of: http://jenkins-x-chartmuseum:8080
Adding missing Helm repo: storage.googleapis.com https://storage.googleapis.com/chartmuseum.jenkins-x.io
Successfully added Helm repository storage.googleapis.com.
Adding missing Helm repo: jenkins-x-chartmuseum http://jenkins-x-chartmuseum:8080
Successfully added Helm repository jenkins-x-chartmuseum.
WARNING: No $CHART_REPOSITORY defined so using the default value of: http://jenkins-x-chartmuseum:8080
Uploading chart file bdd-gh-1568234659-0.0.1.tgz to http://jenkins-x-chartmuseum:8080/api/charts
Received 201 response: {"saved":true}

Showing logs for build [32mcb-kubecd-bdd-gh-1568234659-mas-1[0m stage [32mfrom-build-pack[0m and container [32mstep-promote-jx-promote[0m
WARNING: prow based install so skip waiting for the merge of Pull Requests to go green as currently there is an issue with gettingstatuses from the PR, see https://github.com/jenkins-x/**/issues/2410
Promoting app bdd-gh-1568234659 version 0.0.1 to namespace **-staging
WARNING: Waiting for the fork of ******************/environment-pr-494-4-tekton-gkebdd-staging to appear...
Forked Git repository to https://github.com/******************/environment-pr-494-4-tekton-gkebdd-staging
Created Pull Request: https://github.com/cb-kubecd/environment-pr-494-4-tekton-gkebdd-staging/pull/1
Pull Request https://github.com/cb-kubecd/environment-pr-494-4-tekton-gkebdd-staging/pull/1 is merged at sha bf9320ebf84dbf2bede4d1e2e0a44e48b6f1db3b
Pull Request merged but we are not waiting for the update pipeline to complete!
WARNING: Could not find the service URL in namespace **-staging for names bdd-gh-1568234659, **-bdd-gh-1568234659, **-staging-bdd-gh-1568234659
